<?xml version="1.0" encoding="UTF-8"?>
<!-- Generated by org.testng.reporters.JUnitReportReporter -->
<testsuite hostname="sandhya-PC" name="create_Task_Testcases.First_Testcase" tests="8" failures="0" timestamp="7 Aug 2016 23:21:03 GMT" time="11.068" errors="0">
  <testcase name="verify_User_Message" time="0.239" classname="create_Task_Testcases.First_Testcase"/>
  <testcase name="checkNewTaskEntrysize" time="2.204" classname="create_Task_Testcases.First_Testcase"/>
  <testcase name="limitNewTaskcharsize" time="1.723" classname="create_Task_Testcases.First_Testcase"/>
  <testcase name="checkRecordAppended" time="0.489" classname="create_Task_Testcases.First_Testcase"/>
  <testcase name="verify_MyTask_Link" time="0.023" classname="create_Task_Testcases.First_Testcase"/>
  <testcase name="checkNewTaskEntryWithADD" time="2.627" classname="create_Task_Testcases.First_Testcase"/>
  <testcase name="checkNewTaskEntryWithEnter" time="2.533" classname="create_Task_Testcases.First_Testcase"/>
  <testcase name="verify_Records" time="1.230" classname="create_Task_Testcases.First_Testcase"/>
</testsuite> <!-- create_Task_Testcases.First_Testcase -->
