<?xml version="1.0" encoding="UTF-8"?>
<!-- Generated by org.testng.reporters.JUnitReportReporter -->
<testsuite hostname="sandhya-PC" name="todo_Automation.Create_Task" tests="1" failures="0" timestamp="7 Aug 2016 02:00:17 GMT" time="15.337" errors="0">
  <testcase name="f" time="15.337" classname="todo_Automation.Create_Task"/>
</testsuite> <!-- todo_Automation.Create_Task -->
