<?xml version="1.0" encoding="UTF-8"?>
<!-- Generated by org.testng.reporters.JUnitReportReporter -->
<testsuite hostname="sandhya-PC" name="create_Sub_Task_User_Stories.createSubTask_Testcases" tests="9" failures="0" timestamp="8 Aug 2016 22:22:34 GMT" time="20.937" errors="0">
  <testcase name="verify_Manage_SubTasks_btn" time="0.503" classname="create_Sub_Task_User_Stories.createSubTask_Testcases"/>
  <testcase name="SubTaskAddBtn" time="3.118" classname="create_Sub_Task_User_Stories.createSubTask_Testcases"/>
  <testcase name="click_subtask_Link" time="0.307" classname="create_Sub_Task_User_Stories.createSubTask_Testcases"/>
  <testcase name="numberofSubTaskRecords" time="1.177" classname="create_Sub_Task_User_Stories.createSubTask_Testcases"/>
  <testcase name="getHeadingTxt" time="2.439" classname="create_Sub_Task_User_Stories.createSubTask_Testcases"/>
  <testcase name="enterSubTaskDetails" time="6.930" classname="create_Sub_Task_User_Stories.createSubTask_Testcases"/>
  <testcase name="verify_Records" time="0.928" classname="create_Sub_Task_User_Stories.createSubTask_Testcases"/>
  <testcase name="verify_Manage_SubTasks_Include_Number" time="3.118" classname="create_Sub_Task_User_Stories.createSubTask_Testcases"/>
  <testcase name="emptySubTaskAddBtn" time="2.417" classname="create_Sub_Task_User_Stories.createSubTask_Testcases"/>
</testsuite> <!-- create_Sub_Task_User_Stories.createSubTask_Testcases -->
