<?xml version="1.0" encoding="UTF-8"?>
<!-- Generated by org.testng.reporters.JUnitReportReporter -->
<testsuite hostname="sandhya-PC" name="create_task_todo.First_Testcase" tests="2" failures="0" timestamp="7 Aug 2016 05:14:04 GMT" time="1.004" errors="0">
  <testcase name="verify_Records" time="0.983" classname="create_task_todo.First_Testcase"/>
  <testcase name="verify_MyTask_Link" time="0.021" classname="create_task_todo.First_Testcase"/>
</testsuite> <!-- create_task_todo.First_Testcase -->
