<?xml version="1.0" encoding="UTF-8"?>
<!-- Generated by org.testng.reporters.JUnitReportReporter -->
<testsuite hostname="sandhya-PC" name="create_Task_User_Stories.createTask_Testcases" tests="8" failures="0" timestamp="8 Aug 2016 22:16:19 GMT" time="13.687" errors="0">
  <testcase name="checkNewTaskEntryWithEnter" time="2.777" classname="create_Task_User_Stories.createTask_Testcases"/>
  <testcase name="limitNewTaskcharsize" time="1.252" classname="create_Task_User_Stories.createTask_Testcases"/>
  <testcase name="checkRecordAppended" time="0.346" classname="create_Task_User_Stories.createTask_Testcases"/>
  <testcase name="verify_MyTask_Link" time="0.490" classname="create_Task_User_Stories.createTask_Testcases"/>
  <testcase name="verify_User_Message" time="0.581" classname="create_Task_User_Stories.createTask_Testcases"/>
  <testcase name="verify_Records" time="1.474" classname="create_Task_User_Stories.createTask_Testcases"/>
  <testcase name="checkNewTaskEntryWithADD" time="2.899" classname="create_Task_User_Stories.createTask_Testcases"/>
  <testcase name="checkNewTaskEntrysize" time="3.868" classname="create_Task_User_Stories.createTask_Testcases"/>
</testsuite> <!-- create_Task_User_Stories.createTask_Testcases -->
